<?xml version="1.0" encoding="UTF-8"?>
<!-- Generated by org.testng.reporters.JUnitXMLReporter -->
<testsuite ignored="0" hostname="DESKTOP-HKLU73H" failures="0" tests="2" name="Default test" time="6.697" errors="0" timestamp="2024-11-04T12:42:31 IST">
  <testcase classname="com.api.test.GetVideosForHomeTest" name="getVideosForHomePostHeaderTest" time="6.075"/>
  <testcase classname="com.api.test.GetVideosForHomeTest" name="getVideosForHomeGetHeaderTest" time="0.544"/>
</testsuite> <!-- Default test -->
