<?xml version="1.0" encoding="UTF-8"?>
<testng-results ignored="0" total="0" passed="0" failed="0" skipped="0">
  <reporter-output>
  </reporter-output>
  <suite started-at="2024-11-01T21:09:10 IST" name="StudentportalDashboard-API" finished-at="2024-11-01T21:09:10 IST" duration-ms="28">
    <groups>
    </groups>
    <test started-at="2024-11-01T21:09:10 IST" name="Dashboard-API" finished-at="2024-11-01T21:09:10 IST" duration-ms="28">
    </test> <!-- Dashboard-API -->
  </suite> <!-- StudentportalDashboard-API -->
</testng-results>
